<?xml version="1.0" encoding="UTF-8"?>
<testsuite name="org.example.calculator.SumCalculatorTest" tests="3" skipped="0" failures="0" errors="0" timestamp="2023-09-17T17:18:59" hostname="DESKTOP-9F39G8B" time="0.018">
  <properties/>
  <testcase name="testSumThatZeroIllegalArgument()" classname="org.example.calculator.SumCalculatorTest" time="0.014"/>
  <testcase name="testSumThatOneHandledCorrectly()" classname="org.example.calculator.SumCalculatorTest" time="0.001"/>
  <testcase name="testSumThatThreeHandledCorrectly()" classname="org.example.calculator.SumCalculatorTest" time="0.001"/>
  <system-out><![CDATA[]]></system-out>
  <system-err><![CDATA[]]></system-err>
</testsuite>
